168
[0.04091, 0.08183, 0.15841, 0.25545, 0.37742, 0.52973, 0.71816, 0.94827, 1.22537, 1.55357, 1.93508, 2.36998, 2.85595, 3.38889, 3.96771, 4.59579, 5.27758, 6.01716, 6.79568, 7.57622, 8.34239, 9.09342, 9.82825, 10.54624, 11.24723, 11.93144, 12.59887, 13.24895, 13.88207, 14.50039, 15.10758, 15.70753, 16.30333, 16.89835, 17.49599, 18.09865, 18.70798, 19.32486, 19.9491, 20.57838]
QCLOUD
[8.239481e-06, 1.0182902e-05, 1.1214826e-05, 1.1964922e-05, 1.3933847e-05, 1.8995608e-05, 2.8657072e-05, 4.31395e-05, 5.719628e-05, 7.472276e-05, 0.00010277241, 0.0001369979, 0.00018158868, 0.000216198, 0.00022020414, 0.00020285964, 0.00011934214, 7.068452e-05, 3.640648e-05, 1.9504052e-05, 1.0604774e-05, 5.0574167e-06, 2.3997547e-06, 9.673095e-07, 9.9276846e-08, 0.0, 0.0, 0.0, 0.0, 0.0, 0.0, 0.0, 0.0, 0.0, 0.0, 0.0, 0.0, 0.0, 0.0, 0.0]
QRAIN
[0.00020151526, 0.0002021927, 0.00020325546, 0.00020493432, 0.0002076023, 0.000211784, 0.00021817669, 0.00022769369, 0.00024140529, 0.00026023074, 0.00028545957, 0.00031977755, 0.00036662837, 0.000420035, 0.0004337965, 0.00027660019, 8.1046266e-05, 2.2256547e-05, 3.305752e-06, 4.2888877e-07, 8.042225e-08, 4.806762e-09, 1.6982221e-12, 0.0, 0.0, 0.0, 0.0, 0.0, 0.0, 0.0, 0.0, 0.0, 0.0, 0.0, 0.0, 0.0, 0.0, 0.0, 0.0, 0.0]
QICE
[0.0, 0.0, 0.0, 0.0, 0.0, 0.0, 0.0, 0.0, 0.0, 0.0, 0.0, 0.0, 0.0, 0.0, 6.69049e-09, 5.228713e-07, 5.9988174e-06, 1.28022775e-05, 1.8509687e-05, 2.6144302e-05, 3.3049735e-05, 3.811912e-05, 3.9914856e-05, 4.192218e-05, 3.45757e-05, 2.255349e-05, 1.3323681e-05, 6.627373e-06, 2.3707853e-06, 8.6864463e-07, 4.748349e-07, 2.0666883e-07, 3.089344e-08, 8.3103406e-11, 6.4313585e-14, 0.0, 0.0, 0.0, 0.0, 0.0]
QSNOW
[0.0, 0.0, 0.0, 0.0, 0.0, 0.0, 4.225e-42, 3.91e-42, 0.0, 4.2626788e-30, 3.108227e-30, 1.02209514e-22, 2.5399333e-12, 2.539483e-08, 5.792729e-06, 0.000108057524, 0.00022934965, 0.00029750148, 0.00035362694, 0.0003739817, 0.00035203263, 0.00029907603, 0.00023408704, 0.00017175997, 0.00012370286, 8.9731075e-05, 6.382056e-05, 4.304804e-05, 2.7840584e-05, 1.7145543e-05, 9.417862e-06, 3.4122609e-06, 4.4182488e-07, 1.4849901e-12, 2.7835294e-13, 1.396189e-25, 6.501512e-35, 7.33476e-40, 0.0, 0.0]
QGRAUP
[0.0, 0.0, 0.0, 0.0, 0.0, 0.0, 0.0, 0.0, 0.0, 1.519e-42, 0.0, 4.2638288e-08, 1.158885e-06, 1.3577073e-05, 8.653846e-05, 0.00028575523, 0.0004587888, 0.00048237946, 0.00046782216, 0.0004241802, 0.00036289566, 0.00029613936, 0.00023628422, 0.00018605449, 0.00014697589, 0.00012206601, 0.00010402902, 8.564154e-05, 6.5034554e-05, 4.2888576e-05, 2.4006516e-05, 8.773347e-06, 1.1519555e-06, 3.6203818e-11, 5.290082e-11, 3.6118636e-11, 2.473338e-12, 5.8963305e-14, 3.4360895e-20, 0.0]
fig.saved
168
[0.04091, 0.08183, 0.15841, 0.25545, 0.37742, 0.52973, 0.71816, 0.94827, 1.22537, 1.55357, 1.93508, 2.36998, 2.85595, 3.38889, 3.96771, 4.59579, 5.27758, 6.01716, 6.79568, 7.57622, 8.34239, 9.09342, 9.82825, 10.54624, 11.24723, 11.93144, 12.59887, 13.24895, 13.88207, 14.50039, 15.10758, 15.70753, 16.30333, 16.89835, 17.49599, 18.09865, 18.70798, 19.32486, 19.9491, 20.57838]
QCLOUD
[9.3732315e-06, 1.1928976e-05, 1.2708842e-05, 1.48704e-05, 1.8869436e-05, 2.285229e-05, 2.9216017e-05, 3.811428e-05, 4.3385244e-05, 4.972779e-05, 5.7961657e-05, 6.654738e-05, 7.7404075e-05, 8.213137e-05, 9.17681e-05, 9.570788e-05, 7.4253425e-05, 4.4204935e-05, 2.6059552e-05, 1.4733864e-05, 7.4851446e-06, 3.6841593e-06, 1.7399389e-06, 5.8293847e-07, 0.0, 0.0, 0.0, 0.0, 0.0, 0.0, 0.0, 0.0, 0.0, 0.0, 0.0, 0.0, 0.0, 0.0, 0.0, 0.0]
QRAIN
[0.00019609448, 0.00019584894, 0.00019628678, 0.00019714813, 0.00019870557, 0.00020125008, 0.00020500734, 0.00021003027, 0.00021616173, 0.00022325982, 0.00023108996, 0.00023861983, 0.00024398355, 0.00024259886, 0.00021539374, 0.00011852218, 3.990959e-05, 1.7764109e-05, 6.8444506e-06, 1.7408281e-06, 3.0680943e-07, 2.0318495e-08, 9.237786e-10, 1.9864718e-11, 0.0, 0.0, 0.0, 0.0, 0.0, 0.0, 0.0, 0.0, 0.0, 0.0, 0.0, 0.0, 0.0, 0.0, 0.0, 0.0]
QICE
[0.0, 0.0, 0.0, 0.0, 0.0, 0.0, 0.0, 0.0, 0.0, 0.0, 0.0, 0.0, 0.0, 0.0, 1.3052581e-12, 4.955829e-07, 3.7842055e-06, 7.389502e-06, 1.2459052e-05, 1.9166857e-05, 2.575518e-05, 3.1285195e-05, 3.6488625e-05, 4.0576742e-05, 3.586986e-05, 2.4924557e-05, 1.3797428e-05, 4.7972953e-06, 6.8830184e-07, 2.5521496e-08, 5.489427e-11, 6.363092e-15, 0.0, 0.0, 0.0, 0.0, 0.0, 0.0, 0.0, 0.0]
QSNOW
[0.0, 0.0, 0.0, 0.0, 0.0, 0.0, 0.0, 0.0, 0.0, 0.0, 0.0, 0.0, 0.0, 2.5381537e-09, 3.6788879e-06, 9.085502e-05, 0.00018077924, 0.00023413045, 0.00028415222, 0.0003072501, 0.0002965328, 0.00025290353, 0.00019190108, 0.00012885118, 7.99264e-05, 4.5197252e-05, 2.0996704e-05, 6.4441406e-06, 8.3661814e-07, 3.9889625e-09, 1.4607388e-13, 1.19186746e-23, 9.652699e-37, 2.6320007e-35, 0.0, 0.0, 0.0, 0.0, 0.0, 0.0]
QGRAUP
[0.0, 0.0, 0.0, 0.0, 0.0, 0.0, 0.0, 0.0, 0.0, 0.0, 0.0, 0.0, 4.778097e-08, 2.934346e-06, 4.503782e-05, 0.00018021483, 0.0002748504, 0.0002947185, 0.0002931091, 0.00026529608, 0.00021667783, 0.00016284204, 0.000116321724, 7.9066e-05, 5.1538344e-05, 3.133642e-05, 1.579774e-05, 5.2765477e-06, 8.151483e-07, 4.588511e-09, 3.8215876e-12, 2.3887886e-12, 3.2715804e-14, 1.4759443e-20, 7.52291e-25, 1.228374e-30, 3.570592e-36, 0.0, 0.0, 0.0]
fig.saved
168
[0.04091, 0.08183, 0.15841, 0.25545, 0.37742, 0.52973, 0.71816, 0.94827, 1.22537, 1.55357, 1.93508, 2.36998, 2.85595, 3.38889, 3.96771, 4.59579, 5.27758, 6.01716, 6.79568, 7.57622, 8.34239, 9.09342, 9.82825, 10.54624, 11.24723, 11.93144, 12.59887, 13.24895, 13.88207, 14.50039, 15.10758, 15.70753, 16.30333, 16.89835, 17.49599, 18.09865, 18.70798, 19.32486, 19.9491, 20.57838]
QCLOUD
[9.127787e-06, 1.0941152e-05, 1.2347427e-05, 1.3287018e-05, 1.4027486e-05, 1.6945625e-05, 2.273235e-05, 3.3022898e-05, 4.533397e-05, 5.885689e-05, 7.543841e-05, 9.166136e-05, 0.00010350683, 0.000101803744, 9.6958676e-05, 8.361104e-05, 7.386179e-05, 7.327171e-05, 7.836898e-05, 7.048437e-05, 5.138199e-05, 4.127894e-05, 3.074307e-05, 2.2774791e-05, 2.3512522e-08, 0.0, 0.0, 0.0, 0.0, 0.0, 0.0, 0.0, 0.0, 0.0, 0.0, 0.0, 0.0, 0.0, 0.0, 0.0]
QRAIN
[0.00016118296, 0.00016135038, 0.00016169742, 0.0001624608, 0.00016387427, 0.00016622111, 0.00016972396, 0.00017452809, 0.00018079711, 0.00018832019, 0.00019644036, 0.00020326817, 0.00020479986, 0.00019685278, 0.00017886863, 0.0001478777, 9.868064e-05, 5.9564038e-05, 2.7752432e-05, 6.1383384e-06, 3.5439632e-07, 1.6848246e-09, 0.0, 0.0, 0.0, 0.0, 0.0, 0.0, 0.0, 0.0, 0.0, 0.0, 0.0, 0.0, 0.0, 0.0, 0.0, 0.0, 0.0, 0.0]
QICE
[0.0, 0.0, 0.0, 0.0, 0.0, 0.0, 0.0, 0.0, 0.0, 0.0, 0.0, 0.0, 0.0, 0.0, 0.0, 1.2420806e-07, 2.8428535e-06, 1.1665104e-05, 2.467539e-05, 4.063869e-05, 5.1922387e-05, 5.5700388e-05, 5.4645323e-05, 4.987151e-05, 3.4634264e-05, 1.882409e-05, 8.802168e-06, 3.9113684e-06, 1.1713212e-06, 7.697243e-08, 4.5448107e-11, 1.0155602e-14, 0.0, 0.0, 0.0, 0.0, 0.0, 0.0, 0.0, 0.0]
QSNOW
[0.0, 0.0, 0.0, 0.0, 0.0, 0.0, 0.0, 9.875949e-33, 0.0, 1.6125623e-15, 2.4418513e-36, 3.1164866e-28, 4.4575024e-30, 1.949709e-20, 1.1125663e-08, 4.1552994e-06, 2.8937617e-05, 6.806659e-05, 0.00012615886, 0.00018297287, 0.00020488554, 0.00019131605, 0.00015533454, 0.00011505763, 8.9249144e-05, 5.7884103e-05, 3.5993915e-05, 1.8901876e-05, 4.94401e-06, 1.3912607e-07, 3.249653e-12, 3.9039644e-23, 6.813556e-35, 9.4295e-41, 1.59246e-40, 9.16578e-40, 0.0, 0.0, 0.0, 0.0]
QGRAUP
[0.0, 0.0, 0.0, 0.0, 0.0, 0.0, 0.0, 0.0, 3.224e-42, 7.2e-43, 7.8786275e-36, 3.2085044e-28, 4.0046388e-25, 3.9755354e-21, 6.8503795e-08, 5.1426027e-06, 2.2272176e-05, 3.9987677e-05, 6.373207e-05, 7.9196536e-05, 7.481047e-05, 5.884191e-05, 4.290872e-05, 3.0153651e-05, 1.7621773e-05, 1.1593065e-05, 7.986373e-06, 4.5434754e-06, 1.2736429e-06, 4.94705e-08, 4.7384544e-12, 6.2769934e-13, 1.9945786e-25, 1.1636554e-31, 2.757186e-30, 1.597691e-34, 0.0, 0.0, 0.0, 0.0]
QHAIL
[1.0598056e-08, 1.8352441e-08, 2.9077622e-08, 4.8894954e-08, 9.8408854e-08, 2.434192e-07, 6.191498e-07, 1.465047e-06, 3.3571089e-06, 7.4497557e-06, 1.5875557e-05, 3.0957406e-05, 5.3652428e-05, 8.321948e-05, 0.000115348674, 0.00014209593, 0.0001541222, 0.00015571805, 0.00015066542, 0.00012777085, 9.0951915e-05, 6.018134e-05, 3.907291e-05, 2.5099955e-05, 1.5824378e-05, 9.272072e-06, 4.6552714e-06, 1.6095934e-06, 3.6061482e-07, 5.5464846e-09, 3.0623342e-12, 3.626171e-12, 1.9580028e-12, 2.5413407e-15, 5.4538855e-20, 9.173776e-23, 1.522e-41, 1.9964087e-35, 0.0, 0.0]
fig.saved
168
[0.04091, 0.08183, 0.15841, 0.25545, 0.37742, 0.52973, 0.71816, 0.94827, 1.22537, 1.55357, 1.93508, 2.36998, 2.85595, 3.38889, 3.96771, 4.59579, 5.27758, 6.01716, 6.79568, 7.57622, 8.34239, 9.09342, 9.82825, 10.54624, 11.24723, 11.93144, 12.59887, 13.24895, 13.88207, 14.50039, 15.10758, 15.70753, 16.30333, 16.89835, 17.49599, 18.09865, 18.70798, 19.32486, 19.9491, 20.57838]
QCLOUD
[9.93984e-06, 1.3577871e-05, 1.541429e-05, 1.7375727e-05, 2.1285694e-05, 2.6010119e-05, 3.4772896e-05, 4.5989575e-05, 5.2439605e-05, 5.8668113e-05, 7.0043585e-05, 8.257352e-05, 9.259132e-05, 8.9442496e-05, 8.336262e-05, 8.360743e-05, 7.2490584e-05, 6.513161e-05, 5.2559975e-05, 4.13457e-05, 2.8037835e-05, 1.3915252e-05, 6.22503e-06, 2.8058141e-06, 1.3637508e-09, 0.0, 0.0, 0.0, 0.0, 0.0, 0.0, 0.0, 0.0, 0.0, 0.0, 0.0, 0.0, 0.0, 0.0, 0.0]
QRAIN
[0.0002054624, 0.00020546067, 0.0002060776, 0.00020719283, 0.00020899157, 0.00021175406, 0.0002156466, 0.00022047943, 0.00022586752, 0.0002318772, 0.00023821865, 0.00024281138, 0.00024278944, 0.0002359044, 0.00021648855, 0.0001601823, 0.000112555805, 8.0037426e-05, 4.3482327e-05, 1.3818242e-05, 1.3627141e-06, 7.502629e-08, 1.972808e-08, 6.25501e-09, 0.0, 0.0, 0.0, 0.0, 0.0, 0.0, 0.0, 0.0, 0.0, 0.0, 0.0, 0.0, 0.0, 0.0, 0.0, 0.0]
QICE
[0.0, 0.0, 0.0, 0.0, 0.0, 0.0, 0.0, 0.0, 0.0, 0.0, 0.0, 0.0, 0.0, 0.0, 2.54478e-10, 1.0627348e-07, 1.9961979e-06, 7.2653015e-06, 1.6136466e-05, 2.6222326e-05, 3.2867254e-05, 3.5134206e-05, 3.7412898e-05, 3.80495e-05, 2.952107e-05, 1.6511362e-05, 7.3012907e-06, 2.7462847e-06, 8.1128076e-07, 7.116861e-08, 1.5037029e-10, 1.2043718e-14, 0.0, 0.0, 0.0, 0.0, 0.0, 0.0, 0.0, 0.0]
QSNOW
[0.0, 0.0, 0.0, 0.0, 0.0, 0.0, 0.0, 0.0, 0.0, 0.0, 0.0, 0.0, 0.0, 3.8802465e-11, 2.5825948e-06, 7.386715e-05, 0.00014565469, 0.00020037012, 0.0002552938, 0.00027402348, 0.00024955408, 0.00020238275, 0.00014796981, 0.000100524856, 6.96253e-05, 4.984664e-05, 3.3358712e-05, 1.6546948e-05, 4.328877e-06, 3.6159085e-07, 1.4624286e-11, 5.041962e-22, 6.121287e-26, 2.8504547e-35, 6.6058235e-38, 0.0, 0.0, 0.0, 0.0, 0.0]
QGRAUP
[0.0, 0.0, 0.0, 0.0, 0.0, 0.0, 0.0, 0.0, 0.0, 0.0, 0.0, 0.0, 0.0, 4.4812065e-08, 9.804042e-06, 7.302789e-05, 0.00011000538, 0.00013344896, 0.00015082883, 0.00015297187, 0.00014187618, 0.00011556916, 8.60779e-05, 6.292857e-05, 4.631939e-05, 3.505777e-05, 2.4162455e-05, 1.2319917e-05, 3.390692e-06, 2.7950665e-07, 2.3515063e-11, 3.2849695e-12, 3.1585896e-14, 1.6409598e-22, 1.1708908e-22, 4.9927317e-28, 7.8e-42, 0.0, 0.0, 0.0]
QHAIL
[3.779171e-08, 5.748517e-08, 8.098288e-08, 1.2415616e-07, 2.0782714e-07, 3.49922e-07, 5.8268876e-07, 9.693841e-07, 1.6349733e-06, 2.8807697e-06, 5.2531736e-06, 9.7791535e-06, 1.7433247e-05, 2.8396515e-05, 4.13821e-05, 5.2629097e-05, 5.5176795e-05, 5.3949756e-05, 5.0485913e-05, 4.279892e-05, 2.6736641e-05, 1.6620197e-05, 1.1420312e-05, 8.231621e-06, 5.845314e-06, 3.8854737e-06, 2.1506705e-06, 8.25644e-07, 1.9593325e-07, 1.1286246e-08, 1.5823392e-12, 2.353477e-13, 1.7960357e-15, 7.477831e-30, 7.714032e-26, 1.3108762e-28, 4.3750657e-38, 0.0, 0.0, 0.0]
fig.saved
